2024-11-09 22:57:32 [restartedMain] INFO  c.i.s.s.SingleProjectApplication - Starting SingleProjectApplication using Java 1.8.0_111 on WIN-20241021MOT with PID 4784 (D:\class\java\codeForIdea2017\springcloud\singleProject\target\classes started by Administrator in D:\class\java\codeForIdea2017\springcloud)
2024-11-09 22:57:32 [restartedMain] INFO  c.i.s.s.SingleProjectApplication - No active profile set, falling back to 1 default profile: "default"
2024-11-09 22:57:32 [restartedMain] INFO  o.s.b.d.e.DevToolsPropertyDefaultsPostProcessor - Devtools property defaults active! Set 'spring.devtools.add-properties' to 'false' to disable
2024-11-09 22:57:32 [restartedMain] INFO  o.s.b.d.e.DevToolsPropertyDefaultsPostProcessor - For additional web related logging consider setting the 'logging.level.web' property to 'DEBUG'
2024-11-09 22:57:34 [restartedMain] INFO  o.s.b.w.e.tomcat.TomcatWebServer - Tomcat initialized with port(s): 8008 (http)
2024-11-09 22:57:34 [restartedMain] INFO  o.a.coyote.http11.Http11NioProtocol - Initializing ProtocolHandler ["http-nio-8008"]
2024-11-09 22:57:34 [restartedMain] INFO  o.a.catalina.core.StandardService - Starting service [Tomcat]
2024-11-09 22:57:34 [restartedMain] INFO  o.a.catalina.core.StandardEngine - Starting Servlet engine: [Apache Tomcat/9.0.68]
2024-11-09 22:57:34 [restartedMain] INFO  o.a.c.c.C.[Tomcat].[localhost].[/] - Initializing Spring embedded WebApplicationContext
2024-11-09 22:57:34 [restartedMain] INFO  o.s.b.w.s.c.ServletWebServerApplicationContext - Root WebApplicationContext: initialization completed in 2384 ms
2024-11-09 22:57:36 [restartedMain] WARN  o.s.b.d.a.OptionalLiveReloadServer - Unable to start LiveReload server
2024-11-09 22:57:36 [restartedMain] INFO  o.s.b.a.e.web.EndpointLinksResolver - Exposing 13 endpoint(s) beneath base path '/actuator'
2024-11-09 22:57:36 [restartedMain] INFO  o.a.coyote.http11.Http11NioProtocol - Starting ProtocolHandler ["http-nio-8008"]
2024-11-09 22:57:36 [restartedMain] INFO  o.s.b.w.e.tomcat.TomcatWebServer - Tomcat started on port(s): 8008 (http) with context path ''
2024-11-09 22:57:36 [restartedMain] INFO  c.i.s.s.SingleProjectApplication - Started SingleProjectApplication in 5.77 seconds (JVM running for 7.995)
2024-11-09 22:57:37 [registrationTask1] INFO  d.c.b.a.c.r.ApplicationRegistrator - Application registered itself as 793b9dcc3e71
2024-11-09 22:57:37 [http-nio-8008-exec-1] INFO  o.a.c.c.C.[Tomcat].[localhost].[/] - Initializing Spring DispatcherServlet 'dispatcherServlet'
2024-11-09 22:57:37 [http-nio-8008-exec-1] INFO  o.s.web.servlet.DispatcherServlet - Initializing Servlet 'dispatcherServlet'
2024-11-09 22:57:37 [http-nio-8008-exec-1] INFO  o.s.web.servlet.DispatcherServlet - Completed initialization in 0 ms
2024-11-09 22:57:37 [http-nio-8008-exec-1] INFO  com.zaxxer.hikari.HikariDataSource - HikariPool-1 - Starting...
2024-11-09 22:57:37 [http-nio-8008-exec-1] INFO  com.zaxxer.hikari.HikariDataSource - HikariPool-1 - Start completed.
2024-11-09 22:57:56 [http-nio-8008-exec-5] INFO  c.i.s.s.controller.TestController - 2024-11-09T22:57:56.895 啪...我进来了.
2024-11-09 22:57:59 [http-nio-8008-exec-6] INFO  c.i.s.s.controller.TestController - 2024-11-09T22:57:59.293 啪...我进来了.
2024-11-09 22:58:00 [http-nio-8008-exec-1] INFO  c.i.s.s.controller.TestController - 2024-11-09T22:58:00.296 啪...我进来了.
2024-11-09 22:58:00 [http-nio-8008-exec-7] INFO  c.i.s.s.controller.TestController - 2024-11-09T22:58:00.487 啪...我进来了.
2024-11-09 22:58:00 [http-nio-8008-exec-2] INFO  c.i.s.s.controller.TestController - 2024-11-09T22:58:00.674 啪...我进来了.
2024-11-09 22:58:00 [http-nio-8008-exec-10] INFO  c.i.s.s.controller.TestController - 2024-11-09T22:58:00.992 啪...我进来了.
2024-11-09 23:04:02 [restartedMain] INFO  c.i.s.s.SingleProjectApplication - Starting SingleProjectApplication using Java 1.8.0_111 on WIN-20241021MOT with PID 7072 (D:\class\java\codeForIdea2017\springcloud\singleProject\target\classes started by Administrator in D:\class\java\codeForIdea2017\springcloud)
2024-11-09 23:04:02 [restartedMain] INFO  c.i.s.s.SingleProjectApplication - No active profile set, falling back to 1 default profile: "default"
2024-11-09 23:04:02 [restartedMain] INFO  o.s.b.d.e.DevToolsPropertyDefaultsPostProcessor - Devtools property defaults active! Set 'spring.devtools.add-properties' to 'false' to disable
2024-11-09 23:04:02 [restartedMain] INFO  o.s.b.d.e.DevToolsPropertyDefaultsPostProcessor - For additional web related logging consider setting the 'logging.level.web' property to 'DEBUG'
2024-11-09 23:04:04 [restartedMain] INFO  o.s.b.w.e.tomcat.TomcatWebServer - Tomcat initialized with port(s): 8008 (http)
2024-11-09 23:04:04 [restartedMain] INFO  o.a.coyote.http11.Http11NioProtocol - Initializing ProtocolHandler ["http-nio-8008"]
2024-11-09 23:04:04 [restartedMain] INFO  o.a.catalina.core.StandardService - Starting service [Tomcat]
2024-11-09 23:04:04 [restartedMain] INFO  o.a.catalina.core.StandardEngine - Starting Servlet engine: [Apache Tomcat/9.0.68]
2024-11-09 23:04:04 [restartedMain] INFO  o.a.c.c.C.[Tomcat].[localhost].[/] - Initializing Spring embedded WebApplicationContext
2024-11-09 23:04:04 [restartedMain] INFO  o.s.b.w.s.c.ServletWebServerApplicationContext - Root WebApplicationContext: initialization completed in 2038 ms
2024-11-09 23:04:05 [restartedMain] WARN  o.s.b.d.a.OptionalLiveReloadServer - Unable to start LiveReload server
2024-11-09 23:04:05 [restartedMain] INFO  o.s.b.a.e.web.EndpointLinksResolver - Exposing 14 endpoint(s) beneath base path '/actuator'
2024-11-09 23:04:05 [restartedMain] INFO  o.a.coyote.http11.Http11NioProtocol - Starting ProtocolHandler ["http-nio-8008"]
2024-11-09 23:04:05 [restartedMain] INFO  o.s.b.w.e.tomcat.TomcatWebServer - Tomcat started on port(s): 8008 (http) with context path ''
2024-11-09 23:04:05 [restartedMain] INFO  c.i.s.s.SingleProjectApplication - Started SingleProjectApplication in 5.144 seconds (JVM running for 6.399)
2024-11-09 23:04:06 [registrationTask1] INFO  d.c.b.a.c.r.ApplicationRegistrator - Application registered itself as 793b9dcc3e71
2024-11-09 23:04:06 [http-nio-8008-exec-1] INFO  o.a.c.c.C.[Tomcat].[localhost].[/] - Initializing Spring DispatcherServlet 'dispatcherServlet'
2024-11-09 23:04:06 [http-nio-8008-exec-1] INFO  o.s.web.servlet.DispatcherServlet - Initializing Servlet 'dispatcherServlet'
2024-11-09 23:04:06 [http-nio-8008-exec-1] INFO  o.s.web.servlet.DispatcherServlet - Completed initialization in 0 ms
2024-11-09 23:04:06 [http-nio-8008-exec-1] INFO  com.zaxxer.hikari.HikariDataSource - HikariPool-1 - Starting...
2024-11-09 23:04:06 [http-nio-8008-exec-1] INFO  com.zaxxer.hikari.HikariDataSource - HikariPool-1 - Start completed.
2024-11-09 23:04:34 [http-nio-8008-exec-9] INFO  c.i.s.s.controller.TestController - 2024-11-09T23:04:34.517 啪...我进来了.
2024-11-09 23:05:51 [restartedMain] INFO  c.i.s.s.SingleProjectApplication - Starting SingleProjectApplication using Java 1.8.0_111 on WIN-20241021MOT with PID 4488 (D:\class\java\codeForIdea2017\springcloud\singleProject\target\classes started by Administrator in D:\class\java\codeForIdea2017\springcloud)
2024-11-09 23:05:51 [restartedMain] INFO  c.i.s.s.SingleProjectApplication - No active profile set, falling back to 1 default profile: "default"
2024-11-09 23:05:51 [restartedMain] INFO  o.s.b.d.e.DevToolsPropertyDefaultsPostProcessor - Devtools property defaults active! Set 'spring.devtools.add-properties' to 'false' to disable
2024-11-09 23:05:51 [restartedMain] INFO  o.s.b.d.e.DevToolsPropertyDefaultsPostProcessor - For additional web related logging consider setting the 'logging.level.web' property to 'DEBUG'
2024-11-09 23:05:53 [restartedMain] INFO  o.s.b.w.e.tomcat.TomcatWebServer - Tomcat initialized with port(s): 8008 (http)
2024-11-09 23:05:53 [restartedMain] INFO  o.a.coyote.http11.Http11NioProtocol - Initializing ProtocolHandler ["http-nio-8008"]
2024-11-09 23:05:53 [restartedMain] INFO  o.a.catalina.core.StandardService - Starting service [Tomcat]
2024-11-09 23:05:53 [restartedMain] INFO  o.a.catalina.core.StandardEngine - Starting Servlet engine: [Apache Tomcat/9.0.68]
2024-11-09 23:05:53 [restartedMain] INFO  o.a.c.c.C.[Tomcat].[localhost].[/] - Initializing Spring embedded WebApplicationContext
2024-11-09 23:05:53 [restartedMain] INFO  o.s.b.w.s.c.ServletWebServerApplicationContext - Root WebApplicationContext: initialization completed in 2159 ms
2024-11-09 23:05:55 [restartedMain] WARN  o.s.b.d.a.OptionalLiveReloadServer - Unable to start LiveReload server
2024-11-09 23:05:55 [restartedMain] INFO  o.s.b.a.e.web.EndpointLinksResolver - Exposing 14 endpoint(s) beneath base path '/actuator'
2024-11-09 23:05:55 [restartedMain] INFO  o.a.coyote.http11.Http11NioProtocol - Starting ProtocolHandler ["http-nio-8008"]
2024-11-09 23:05:55 [restartedMain] INFO  o.s.b.w.e.tomcat.TomcatWebServer - Tomcat started on port(s): 8008 (http) with context path ''
2024-11-09 23:05:55 [restartedMain] INFO  c.i.s.s.SingleProjectApplication - Started SingleProjectApplication in 5.296 seconds (JVM running for 6.55)
2024-11-09 23:05:55 [registrationTask1] INFO  d.c.b.a.c.r.ApplicationRegistrator - Application registered itself as 793b9dcc3e71
2024-11-09 23:05:55 [http-nio-8008-exec-2] INFO  o.a.c.c.C.[Tomcat].[localhost].[/] - Initializing Spring DispatcherServlet 'dispatcherServlet'
2024-11-09 23:05:55 [http-nio-8008-exec-2] INFO  o.s.web.servlet.DispatcherServlet - Initializing Servlet 'dispatcherServlet'
2024-11-09 23:05:55 [http-nio-8008-exec-2] INFO  o.s.web.servlet.DispatcherServlet - Completed initialization in 0 ms
2024-11-09 23:05:55 [http-nio-8008-exec-1] INFO  com.zaxxer.hikari.HikariDataSource - HikariPool-1 - Starting...
2024-11-09 23:05:55 [http-nio-8008-exec-1] INFO  com.zaxxer.hikari.HikariDataSource - HikariPool-1 - Start completed.
2024-11-09 23:06:26 [http-nio-8008-exec-9] INFO  c.i.s.s.controller.TestController - 2024-11-09T23:06:26.625 啪...我进来了.
